0 info it worked if it ends with ok
1 verbose cli [ 'node', '/usr/bin/npm', 'install', 'rdiscount' ]
2 info using npm@1.3.3
3 info using node@v0.10.14
4 verbose cache add [ 'rdiscount', null ]
5 verbose cache add name=undefined spec="rdiscount" args=["rdiscount",null]
6 verbose parsed url { protocol: null,
6 verbose parsed url   slashes: null,
6 verbose parsed url   auth: null,
6 verbose parsed url   host: null,
6 verbose parsed url   port: null,
6 verbose parsed url   hostname: null,
6 verbose parsed url   hash: null,
6 verbose parsed url   search: null,
6 verbose parsed url   query: null,
6 verbose parsed url   pathname: 'rdiscount',
6 verbose parsed url   path: 'rdiscount',
6 verbose parsed url   href: 'rdiscount' }
7 silly lockFile 893b384b-rdiscount rdiscount
8 verbose lock rdiscount /root/.npm/893b384b-rdiscount.lock
9 silly lockFile 893b384b-rdiscount rdiscount
10 silly lockFile 893b384b-rdiscount rdiscount
11 verbose addNamed [ 'rdiscount', '' ]
12 verbose addNamed [ null, '*' ]
13 silly lockFile b18781e1-rdiscount rdiscount@
14 verbose lock rdiscount@ /root/.npm/b18781e1-rdiscount.lock
15 silly addNameRange { name: 'rdiscount', range: '*', hasData: false }
16 verbose url raw rdiscount
17 verbose url resolving [ 'https://registry.npmjs.org/', './rdiscount' ]
18 verbose url resolved https://registry.npmjs.org/rdiscount
19 info trying registry request attempt 1 at 15:48:04
20 http GET https://registry.npmjs.org/rdiscount
21 http 404 https://registry.npmjs.org/rdiscount
22 silly registry.get cb [ 404,
22 silly registry.get   { server: 'CouchDB/1.3.1 (Erlang OTP/R15B03)',
22 silly registry.get     date: 'Sat, 31 Aug 2013 15:48:13 GMT',
22 silly registry.get     'content-type': 'application/json',
22 silly registry.get     'content-length': '52',
22 silly registry.get     'cache-control': 'must-revalidate' } ]
23 silly lockFile b18781e1-rdiscount rdiscount@
24 silly lockFile b18781e1-rdiscount rdiscount@
25 error 404 'rdiscount' is not in the npm registry.
25 error 404 You should bug the author to publish it
25 error 404
25 error 404 Note that you can also install from a
25 error 404 tarball, folder, or http url, or git url.
26 error System Linux 2.6.32-358.el6.i686
27 error command "node" "/usr/bin/npm" "install" "rdiscount"
28 error cwd /root/blog
29 error node -v v0.10.14
30 error npm -v 1.3.3
31 error code E404
32 verbose exit [ 1, true ]
